<?xml version="1.0" encoding="UTF-8"?>
<!-- Generated by org.testng.reporters.JUnitReportReporter -->
<testsuite hostname="DESKTOP-FOASM6G" failures="0" tests="3" name="formsTesting.RectangleTest" time="0.035" errors="0" timestamp="2024-10-08T11:31:03 MESZ" skipped="0">
  <testcase classname="formsTesting.RectangleTest" name="testToString" time="0.015"/>
  <system-out/>
  <testcase classname="formsTesting.RectangleTest" name="testCalculateArea" time="0.015"/>
  <system-out/>
  <testcase classname="formsTesting.RectangleTest" name="testCalculateCircumference" time="0.005"/>
  <system-out/>
</testsuite> <!-- formsTesting.RectangleTest -->
