<?xml version="1.0" encoding="UTF-8"?>
<!-- Generated by org.testng.reporters.JUnitReportReporter -->
<testsuite hostname="DESKTOP-FOASM6G" failures="0" tests="1" name="exceptionTesting.ReverseStringTest" time="0.017" errors="0" timestamp="2024-11-05T10:25:55 MEZ" skipped="0">
  <testcase classname="exceptionTesting.ReverseStringTest" name="reverseStringTest" time="0.017"/>
  <system-out/>
</testsuite> <!-- exceptionTesting.ReverseStringTest -->
