<?xml version="1.0" encoding="UTF-8"?>
<!-- Generated by org.testng.reporters.JUnitReportReporter -->
<testsuite hostname="DESKTOP-FOASM6G" failures="0" tests="4" name="testNG.MyMathTest" time="0.033" errors="0" timestamp="2024-10-07T15:40:48 MESZ" skipped="0">
  <testcase classname="testNG.MyMathTest" name="testMultiplication" time="0.004"/>
  <system-out/>
  <testcase classname="testNG.MyMathTest" name="testSubtraction" time="0.005"/>
  <system-out/>
  <testcase classname="testNG.MyMathTest" name="testDivide" time="0.007"/>
  <system-out/>
  <testcase classname="testNG.MyMathTest" name="testAddition" time="0.017"/>
  <system-out/>
</testsuite> <!-- testNG.MyMathTest -->
