<?xml version="1.0" encoding="UTF-8"?>
<!-- Generated by org.testng.reporters.JUnitReportReporter -->
<testsuite hostname="DESKTOP-FOASM6G" failures="0" tests="1" name="exceptionTesting.SquareRootTest" time="0.017" errors="0" timestamp="2024-11-05T10:10:04 MEZ" skipped="0">
  <testcase classname="exceptionTesting.SquareRootTest" name="testSquareRoot" time="0.017"/>
  <system-out/>
</testsuite> <!-- exceptionTesting.SquareRootTest -->
