<?xml version="1.0" encoding="UTF-8"?>
<!-- Generated by org.testng.reporters.JUnitReportReporter -->
<testsuite hostname="DESKTOP-FOASM6G" failures="0" tests="4" name="formsTesting.GroupTest" time="0.055" errors="0" timestamp="2024-10-22T10:01:59 MESZ" skipped="0">
  <testcase classname="formsTesting.GroupTest" name="testAddForm" time="0.016"/>
  <system-out/>
  <testcase classname="formsTesting.GroupTest" name="testFindBiggestForm" time="0.031"/>
  <system-out/>
  <testcase classname="formsTesting.GroupTest" name="testcalculateArea" time="0.005"/>
  <system-out/>
  <testcase classname="formsTesting.GroupTest" name="testcalculateCircumference" time="0.003"/>
  <system-out/>
</testsuite> <!-- formsTesting.GroupTest -->
