<?xml version="1.0" encoding="UTF-8"?>
<!-- Generated by org.testng.reporters.JUnitReportReporter -->
<testsuite hostname="DESKTOP-FOASM6G" failures="0" tests="4" name="testNG.CalculationTest" time="0.021" errors="0" timestamp="2024-10-22T11:24:48 MESZ" skipped="0">
  <testcase classname="testNG.CalculationTest" name="testCube" time="0.014"/>
  <system-out/>
  <testcase classname="testNG.CalculationTest" name="testReverseWord" time="0.003"/>
  <system-out/>
  <testcase classname="testNG.CalculationTest" name="testFindMax" time="0.003"/>
  <system-out/>
  <testcase classname="testNG.CalculationTest" name="testToThePowerOf" time="0.001"/>
  <system-out/>
</testsuite> <!-- testNG.CalculationTest -->
