<?xml version="1.0" encoding="UTF-8"?>
<!-- Generated by org.testng.reporters.JUnitReportReporter -->
<testsuite hostname="DESKTOP-FOASM6G" failures="0" tests="1" name="exceptionTesting.ParserTest" time="0.026" errors="0" timestamp="2024-11-05T11:34:23 MEZ" skipped="0">
  <testcase classname="exceptionTesting.ParserTest" name="testParseIntValidInput" time="0.026"/>
  <system-out/>
</testsuite> <!-- exceptionTesting.ParserTest -->
