<?xml version="1.0" encoding="UTF-8"?>
<!-- Generated by org.testng.reporters.JUnitReportReporter -->
<testsuite hostname="DESKTOP-FOASM6G" failures="0" tests="3" name="formsTesting.SquareTest" time="0.044" errors="0" timestamp="2024-10-22T10:13:58 MESZ" skipped="0">
  <testcase classname="formsTesting.SquareTest" name="testCalculateArea" time="0.017"/>
  <system-out/>
  <testcase classname="formsTesting.SquareTest" name="testToString" time="0.021"/>
  <system-out/>
  <testcase classname="formsTesting.SquareTest" name="testCalculateCircumference" time="0.006"/>
  <system-out/>
</testsuite> <!-- formsTesting.SquareTest -->
