<?xml version="1.0" encoding="UTF-8"?>
<!-- Generated by org.testng.reporters.JUnitReportReporter -->
<testsuite hostname="DESKTOP-FOASM6G" failures="0" tests="3" name="formsTesting.CircleTest" time="0.029" errors="0" timestamp="2024-10-08T11:18:19 MESZ" skipped="0">
  <testcase classname="formsTesting.CircleTest" name="testCalculateArea" time="0.016"/>
  <system-out/>
  <testcase classname="formsTesting.CircleTest" name="testToString" time="0.008"/>
  <system-out/>
  <testcase classname="formsTesting.CircleTest" name="testCalculateCircumference" time="0.005"/>
  <system-out/>
</testsuite> <!-- formsTesting.CircleTest -->
